2024-09-21 17:49:38 - Books Variable:


2024-09-21 17:49:40 - Books Variable:


2024-09-21 17:52:53 - Books Variable:
Array
(
    [0] => Array
        (
            [bookID] => 4
            [title] => STRIKERS | Defenders of Mythesia Archipelago
            [Synopsis] => Nine mighty warriors alongside with a destined heir A deviously planned war to break the centuries of peace And a time the myths were real  These fighters shall end this peril before mankind tremble and fall on their own.
            [author] => 28
            [publisher] => 
            [accessType] => public
            [publishType] => chapter
            [creationDate] => 2024-09-13 07:22:45.000
            [lastUpdateDate] => 2024-09-13 07:22:45.000
            [isCompleted] => 1
            [coverImage] => 1
        )

)


